{"I:\\web-pro\\自动化测试\\lesson12\\demo.js": {"path":"I:\\web-pro\\自动化测试\\lesson12\\demo.js","statementMap":{"0":{"start":{"line":3,"column":21},"end":{"line":7,"column":1}},"1":{"start":{"line":4,"column":15},"end":{"line":4,"column":25}},"2":{"start":{"line":5,"column":2},"end":{"line":5,"column":10}},"3":{"start":{"line":6,"column":2},"end":{"line":6,"column":10}}},"fnMap":{"0":{"name":"(anonymous_0)","decl":{"start":{"line":3,"column":21},"end":{"line":3,"column":22}},"loc":{"start":{"line":3,"column":27},"end":{"line":7,"column":1}},"line":3}},"branchMap":{},"s":{"0":1,"1":1,"2":1,"3":1},"f":{"0":1},"b":{},"_coverageSchema":"1a1c01bbd47fc00a2c39e90264f33305004495a9","hash":"b63b66573f4935ddea9537865696cdf0f1b56a51"}
,"I:\\web-pro\\自动化测试\\lesson12\\util.js": {"path":"I:\\web-pro\\自动化测试\\lesson12\\util.js","statementMap":{},"fnMap":{"0":{"name":"(anonymous_0)","decl":{"start":{"line":2,"column":2},"end":{"line":2,"column":3}},"loc":{"start":{"line":2,"column":6},"end":{"line":4,"column":3}},"line":2},"1":{"name":"(anonymous_1)","decl":{"start":{"line":5,"column":2},"end":{"line":5,"column":3}},"loc":{"start":{"line":5,"column":6},"end":{"line":7,"column":3}},"line":5}},"branchMap":{},"s":{},"f":{"0":0,"1":0},"b":{},"_coverageSchema":"1a1c01bbd47fc00a2c39e90264f33305004495a9","hash":"e5736fc3c9fc54305ef72bba7d1f60a13b2b3c63"}
}
