{"I:\\web-pro\\自动化测试\\lesson10\\demo.js": {"path":"I:\\web-pro\\自动化测试\\lesson10\\demo.js","statementMap":{"0":{"start":{"line":3,"column":25},"end":{"line":5,"column":1}},"1":{"start":{"line":4,"column":2},"end":{"line":4,"column":45}},"2":{"start":{"line":4,"column":36},"end":{"line":4,"column":44}},"3":{"start":{"line":9,"column":25},"end":{"line":11,"column":1}},"4":{"start":{"line":10,"column":2},"end":{"line":10,"column":12}}},"fnMap":{"0":{"name":"(anonymous_0)","decl":{"start":{"line":3,"column":25},"end":{"line":3,"column":26}},"loc":{"start":{"line":3,"column":31},"end":{"line":5,"column":1}},"line":3},"1":{"name":"(anonymous_1)","decl":{"start":{"line":4,"column":29},"end":{"line":4,"column":30}},"loc":{"start":{"line":4,"column":36},"end":{"line":4,"column":44}},"line":4},"2":{"name":"(anonymous_2)","decl":{"start":{"line":9,"column":25},"end":{"line":9,"column":26}},"loc":{"start":{"line":9,"column":31},"end":{"line":11,"column":1}},"line":9}},"branchMap":{},"s":{"0":1,"1":0,"2":0,"3":1,"4":1},"f":{"0":0,"1":0,"2":1},"b":{},"_coverageSchema":"1a1c01bbd47fc00a2c39e90264f33305004495a9","hash":"3b84fcd4c75a403ae7594fe2f05eb1984ba62c31"}
}
