{"I:\\web-pro\\自动化测试\\lesson11\\demo.js": {"path":"I:\\web-pro\\自动化测试\\lesson11\\demo.js","statementMap":{"0":{"start":{"line":7,"column":22},"end":{"line":14,"column":1}},"1":{"start":{"line":8,"column":2},"end":{"line":13,"column":11}},"2":{"start":{"line":9,"column":4},"end":{"line":9,"column":8}},"3":{"start":{"line":10,"column":4},"end":{"line":12,"column":13}},"4":{"start":{"line":11,"column":6},"end":{"line":11,"column":10}}},"fnMap":{"0":{"name":"(anonymous_0)","decl":{"start":{"line":7,"column":22},"end":{"line":7,"column":23}},"loc":{"start":{"line":7,"column":30},"end":{"line":14,"column":1}},"line":7},"1":{"name":"(anonymous_1)","decl":{"start":{"line":8,"column":13},"end":{"line":8,"column":14}},"loc":{"start":{"line":8,"column":19},"end":{"line":13,"column":3}},"line":8},"2":{"name":"(anonymous_2)","decl":{"start":{"line":10,"column":15},"end":{"line":10,"column":16}},"loc":{"start":{"line":10,"column":21},"end":{"line":12,"column":5}},"line":10}},"branchMap":{},"s":{"0":1,"1":2,"2":2,"3":2,"4":2},"f":{"0":2,"1":2,"2":2},"b":{},"_coverageSchema":"1a1c01bbd47fc00a2c39e90264f33305004495a9","hash":"0aea126d7685dd45ef1b1dafd7d836b6564f50ba"}
}
